<?xml version="1.0" encoding="UTF-8"?>
<!-- Generated by org.testng.reporters.JUnitReportReporter -->
<testsuite hostname="DESKTOP-KD02LF1" failures="0" tests="1" name="testDemoblaze.testDemoblaze" time="18.285" errors="0" timestamp="2022-01-30T01:46:47 EST" skipped="0">
  <testcase classname="testDemoblaze.testDemoblaze" name="checkingfunctionalityofcart" time="18.285"/>
  <system-out/>
</testsuite> <!-- testDemoblaze.testDemoblaze -->
